<?xml version="1.0" encoding="UTF-8"?>
<!-- Generated by org.testng.reporters.JUnitReportReporter -->
<testsuite hostname="EGT00004" failures="1" tests="18" name="org.example.testRunner.runners" time="148.483" errors="2" timestamp="2022-11-15T20:50:58 EET" skipped="0">
  <testcase classname="org.example.testRunner.runners" name="runScenario" time="5.818">
    <error message="unknown error: cannot determine loading status
from no such window
  (Session info: chrome=107.0.5304.107)
Build info: version: &#039;4.6.0&#039;, revision: &#039;79f1c02ae20&#039;
System info: os.name: &#039;Windows 11&#039;, os.arch: &#039;amd64&#039;, os.version: &#039;10.0&#039;, java.version: &#039;18.0.2&#039;
Driver info: org.openqa.selenium.chrome.ChromeDriver
Command: [d5bfa6e7b30ae92698bc82b97f29e502, getCurrentUrl {}]
Capabilities {acceptInsecureCerts: false, browserName: chrome, browserVersion: 107.0.5304.107, chrome: {chromedriverVersion: 107.0.5304.62 (1eec40d3a576..., userDataDir: C:\Users\NB28802\AppData\Lo...}, goog:chromeOptions: {debuggerAddress: localhost:61797}, networkConnectionEnabled: false, pageLoadStrategy: normal, platformName: WINDOWS, proxy: Proxy(), se:cdp: ws://localhost:61797/devtoo..., se:cdpVersion: 107.0.5304.107, setWindowRect: true, strictFileInteractability: false, timeouts: {implicit: 0, pageLoad: 300000, script: 30000}, unhandledPromptBehavior: dismiss and notify, webauthn:extension:credBlob: true, webauthn:extension:largeBlob: true, webauthn:virtualAuthenticators: true}
Session ID: d5bfa6e7b30ae92698bc82b97f29e502" type="org.openqa.selenium.WebDriverException">
      <![CDATA[org.openqa.selenium.WebDriverException: unknown error: cannot determine loading status
from no such window
  (Session info: chrome=107.0.5304.107)
Build info: version: '4.6.0', revision: '79f1c02ae20'
System info: os.name: 'Windows 11', os.arch: 'amd64', os.version: '10.0', java.version: '18.0.2'
Driver info: org.openqa.selenium.chrome.ChromeDriver
Command: [d5bfa6e7b30ae92698bc82b97f29e502, getCurrentUrl {}]
Capabilities {acceptInsecureCerts: false, browserName: chrome, browserVersion: 107.0.5304.107, chrome: {chromedriverVersion: 107.0.5304.62 (1eec40d3a576..., userDataDir: C:\Users\NB28802\AppData\Lo...}, goog:chromeOptions: {debuggerAddress: localhost:61797}, networkConnectionEnabled: false, pageLoadStrategy: normal, platformName: WINDOWS, proxy: Proxy(), se:cdp: ws://localhost:61797/devtoo..., se:cdpVersion: 107.0.5304.107, setWindowRect: true, strictFileInteractability: false, timeouts: {implicit: 0, pageLoad: 300000, script: 30000}, unhandledPromptBehavior: dismiss and notify, webauthn:extension:credBlob: true, webauthn:extension:largeBlob: true, webauthn:virtualAuthenticators: true}
Session ID: d5bfa6e7b30ae92698bc82b97f29e502
at java.base/jdk.internal.reflect.DirectConstructorHandleAccessor.newInstance(DirectConstructorHandleAccessor.java:67)
at java.base/java.lang.reflect.Constructor.newInstanceWithCaller(Constructor.java:499)
at java.base/java.lang.reflect.Constructor.newInstance(Constructor.java:483)
at org.openqa.selenium.remote.codec.w3c.W3CHttpResponseCodec.createException(W3CHttpResponseCodec.java:200)
at org.openqa.selenium.remote.codec.w3c.W3CHttpResponseCodec.decode(W3CHttpResponseCodec.java:133)
at org.openqa.selenium.remote.codec.w3c.W3CHttpResponseCodec.decode(W3CHttpResponseCodec.java:53)
at org.openqa.selenium.remote.HttpCommandExecutor.execute(HttpCommandExecutor.java:184)
at org.openqa.selenium.remote.service.DriverCommandExecutor.invokeExecute(DriverCommandExecutor.java:167)
at org.openqa.selenium.remote.service.DriverCommandExecutor.execute(DriverCommandExecutor.java:142)
at org.openqa.selenium.remote.RemoteWebDriver.execute(RemoteWebDriver.java:541)
at org.openqa.selenium.remote.RemoteWebDriver.execute(RemoteWebDriver.java:596)
at org.openqa.selenium.remote.RemoteWebDriver.execute(RemoteWebDriver.java:600)
at org.openqa.selenium.remote.RemoteWebDriver.getCurrentUrl(RemoteWebDriver.java:322)
at org.example.pages.P03_homePage.homepageURL(P03_homePage.java:61)
at org.example.stepDefs.D07_followUsStepDef.userIsRedirectedToFacebookPage(D07_followUsStepDef.java:22)
at ✽.user is redirected to facebook page(file:///C:/Users/NB28802/Desktop/EGFWD/Ecommerce%20App/udacityProject2/src/main/resources/features/F07_followUs.feature:5)
]]>
    </error>
  </testcase> <!-- runScenario -->
  <system-out/>
  <testcase classname="org.example.testRunner.runners" name="runScenario" time="11.648"/>
  <system-out/>
  <testcase classname="org.example.testRunner.runners" name="runScenario" time="7.425"/>
  <system-out/>
  <testcase classname="org.example.testRunner.runners" name="runScenario" time="7.331"/>
  <system-out/>
  <testcase classname="org.example.testRunner.runners" name="runScenario" time="12.375"/>
  <system-out/>
  <testcase classname="org.example.testRunner.runners" name="runScenario" time="8.175"/>
  <system-out/>
  <testcase classname="org.example.testRunner.runners" name="runScenario" time="7.814"/>
  <system-out/>
  <testcase classname="org.example.testRunner.runners" name="runScenario" time="7.654"/>
  <system-out/>
  <testcase classname="org.example.testRunner.runners" name="runScenario" time="7.374"/>
  <system-out/>
  <testcase classname="org.example.testRunner.runners" name="runScenario" time="6.458">
    <failure message="expected [https://demo.nopcommerce.com/new-online-store-is-open] but found [https://demo.nopcommerce.com/news/rss/1]" type="java.lang.AssertionError">
      <![CDATA[java.lang.AssertionError: expected [https://demo.nopcommerce.com/new-online-store-is-open] but found [https://demo.nopcommerce.com/news/rss/1]
at org.testng.Assert.fail(Assert.java:110)
at org.testng.Assert.failNotEquals(Assert.java:1413)
at org.testng.Assert.assertEqualsImpl(Assert.java:149)
at org.testng.Assert.assertEquals(Assert.java:131)
at org.testng.Assert.assertEquals(Assert.java:655)
at org.testng.Assert.assertEquals(Assert.java:665)
at org.example.stepDefs.D07_followUsStepDef.userIsRedirectedToRssPage(D07_followUsStepDef.java:47)
at ✽.user is redirected to rss page(file:///C:/Users/NB28802/Desktop/EGFWD/Ecommerce%20App/udacityProject2/src/main/resources/features/F07_followUs.feature:13)
]]>
    </failure>
  </testcase> <!-- runScenario -->
  <system-out/>
  <testcase classname="org.example.testRunner.runners" name="runScenario" time="11.918"/>
  <system-out/>
  <testcase classname="org.example.testRunner.runners" name="runScenario" time="9.734"/>
  <system-out/>
  <testcase classname="org.example.testRunner.runners" name="runScenario" time="8.437">
    <error message="Expected condition failed: waiting for invisibility of [[ChromeDriver: chrome on WINDOWS (1a8b61f99bee3c195565888dcecbf4dd)] -&gt; xpath: /html/body/div[6]/div[3]/div/div/div/div/div[1]/div[1]/img] (tried for 3 second(s) with 500 milliseconds interval)
Build info: version: &#039;4.6.0&#039;, revision: &#039;79f1c02ae20&#039;
System info: os.name: &#039;Windows 11&#039;, os.arch: &#039;amd64&#039;, os.version: &#039;10.0&#039;, java.version: &#039;18.0.2&#039;
Driver info: org.openqa.selenium.chrome.ChromeDriver
Capabilities {acceptInsecureCerts: false, browserName: chrome, browserVersion: 107.0.5304.107, chrome: {chromedriverVersion: 107.0.5304.62 (1eec40d3a576..., userDataDir: C:\Users\NB28802\AppData\Lo...}, goog:chromeOptions: {debuggerAddress: localhost:61774}, networkConnectionEnabled: false, pageLoadStrategy: normal, platformName: WINDOWS, proxy: Proxy(), se:cdp: ws://localhost:61774/devtoo..., se:cdpVersion: 107.0.5304.107, setWindowRect: true, strictFileInteractability: false, timeouts: {implicit: 0, pageLoad: 300000, script: 30000}, unhandledPromptBehavior: dismiss and notify, webauthn:extension:credBlob: true, webauthn:extension:largeBlob: true, webauthn:virtualAuthenticators: true}
Session ID: 1a8b61f99bee3c195565888dcecbf4dd" type="org.openqa.selenium.TimeoutException">
      <![CDATA[org.openqa.selenium.TimeoutException: Expected condition failed: waiting for invisibility of [[ChromeDriver: chrome on WINDOWS (1a8b61f99bee3c195565888dcecbf4dd)] -> xpath: /html/body/div[6]/div[3]/div/div/div/div/div[1]/div[1]/img] (tried for 3 second(s) with 500 milliseconds interval)
Build info: version: '4.6.0', revision: '79f1c02ae20'
System info: os.name: 'Windows 11', os.arch: 'amd64', os.version: '10.0', java.version: '18.0.2'
Driver info: org.openqa.selenium.chrome.ChromeDriver
Capabilities {acceptInsecureCerts: false, browserName: chrome, browserVersion: 107.0.5304.107, chrome: {chromedriverVersion: 107.0.5304.62 (1eec40d3a576..., userDataDir: C:\Users\NB28802\AppData\Lo...}, goog:chromeOptions: {debuggerAddress: localhost:61774}, networkConnectionEnabled: false, pageLoadStrategy: normal, platformName: WINDOWS, proxy: Proxy(), se:cdp: ws://localhost:61774/devtoo..., se:cdpVersion: 107.0.5304.107, setWindowRect: true, strictFileInteractability: false, timeouts: {implicit: 0, pageLoad: 300000, script: 30000}, unhandledPromptBehavior: dismiss and notify, webauthn:extension:credBlob: true, webauthn:extension:largeBlob: true, webauthn:virtualAuthenticators: true}
Session ID: 1a8b61f99bee3c195565888dcecbf4dd
at org.openqa.selenium.support.ui.WebDriverWait.timeoutException(WebDriverWait.java:87)
at org.openqa.selenium.support.ui.FluentWait.until(FluentWait.java:231)
at org.example.pages.P03_homePage.homepageClickSecondSlider(P03_homePage.java:57)
at org.example.stepDefs.D06_homeSlidersStepDef.userClicksOnSecondSlider(D06_homeSlidersStepDef.java:29)
at ✽.user clicks on second slider(file:///C:/Users/NB28802/Desktop/EGFWD/Ecommerce%20App/udacityProject2/src/main/resources/features/F06_homeSliders.feature:8)
]]>
    </error>
  </testcase> <!-- runScenario -->
  <system-out/>
  <testcase classname="org.example.testRunner.runners" name="runScenario" time="8.218"/>
  <system-out/>
  <testcase classname="org.example.testRunner.runners" name="runScenario" time="7.040"/>
  <system-out/>
  <testcase classname="org.example.testRunner.runners" name="runScenario" time="8.578"/>
  <system-out/>
  <testcase classname="org.example.testRunner.runners" name="runScenario" time="5.855"/>
  <system-out/>
  <testcase classname="org.example.testRunner.runners" name="runScenario" time="6.631"/>
  <system-out/>
</testsuite> <!-- org.example.testRunner.runners -->
